<?xml version="1.0" encoding="UTF-8"?>
<!-- Generated by org.testng.reporters.JUnitXMLReporter -->
<testsuite ignored="1" hostname="ranto-HP-Laptop-14-cm0xxx" failures="0" tests="1" name="Default test" time="4.874" errors="0" timestamp="2022-10-26T21:35:25 WIB">
  <testcase classname="com.tutorialsninja.test.HomePageTest" name="LogintestWithValidCredetial" time="1.654"/>
  <testcase classname="com.tutorialsninja.test.HomePageTest" name="verifyLoginForm" time="0.0">
    <ignored/>
  </testcase> <!-- verifyLoginForm -->
</testsuite> <!-- Default test -->
