<?xml version="1.0" encoding="UTF-8"?>
<testng-results ignored="0" total="0" passed="0" failed="0" skipped="0">
  <reporter-output>
  </reporter-output>
  <suite started-at="2022-10-20T11:15:19 WIB" name="com.amazon.test.BaseTest" finished-at="2022-10-20T11:15:19 WIB" duration-ms="13">
    <groups>
    </groups>
    <test started-at="2022-10-20T11:15:19 WIB" name="Command line test" finished-at="2022-10-20T11:15:19 WIB" duration-ms="13">
    </test> <!-- Command line test -->
  </suite> <!-- com.amazon.test.BaseTest -->
</testng-results>
