<?xml version="1.0" encoding="UTF-8"?>
<testng-results ignored="1" total="2" passed="1" failed="0" skipped="0">
  <reporter-output>
  </reporter-output>
  <suite started-at="2022-10-26T21:35:20 WIB" name="Default suite" finished-at="2022-10-26T21:35:25 WIB" duration-ms="4874">
    <groups>
    </groups>
    <test started-at="2022-10-26T21:35:20 WIB" name="Default test" finished-at="2022-10-26T21:35:25 WIB" duration-ms="4874">
      <class name="com.tutorialsninja.test.HomePageTest">
        <test-method is-config="true" signature="preSetup()[pri:0, instance:com.tutorialsninja.test.HomePageTest@2cdd0d4b]" started-at="2022-10-26T21:35:20 WIB" name="preSetup" finished-at="2022-10-26T21:35:23 WIB" duration-ms="3163" status="PASS">
          <reporter-output>
          </reporter-output>
        </test-method> <!-- preSetup -->
        <test-method is-config="true" signature="setUp()[pri:0, instance:com.tutorialsninja.test.HomePageTest@2cdd0d4b]" started-at="2022-10-26T21:35:23 WIB" name="setUp" finished-at="2022-10-26T21:35:23 WIB" duration-ms="1" status="PASS">
          <reporter-output>
          </reporter-output>
        </test-method> <!-- setUp -->
        <test-method signature="LogintestWithValidCredetial()[pri:0, instance:com.tutorialsninja.test.HomePageTest@2cdd0d4b]" started-at="2022-10-26T21:35:23 WIB" name="LogintestWithValidCredetial" finished-at="2022-10-26T21:35:25 WIB" duration-ms="1654" status="PASS">
          <reporter-output>
          </reporter-output>
        </test-method> <!-- LogintestWithValidCredetial -->
        <test-method is-config="true" signature="cleanUp()[pri:0, instance:com.tutorialsninja.test.HomePageTest@2cdd0d4b]" started-at="2022-10-26T21:35:25 WIB" name="cleanUp" finished-at="2022-10-26T21:35:25 WIB" duration-ms="1" status="PASS">
          <reporter-output>
          </reporter-output>
        </test-method> <!-- cleanUp -->
        <test-method is-config="true" signature="postCleanUp()[pri:0, instance:com.tutorialsninja.test.HomePageTest@2cdd0d4b]" started-at="2022-10-26T21:35:25 WIB" name="postCleanUp" finished-at="2022-10-26T21:35:25 WIB" duration-ms="0" status="PASS">
          <reporter-output>
          </reporter-output>
        </test-method> <!-- postCleanUp -->
      </class> <!-- com.tutorialsninja.test.HomePageTest -->
    </test> <!-- Default test -->
  </suite> <!-- Default suite -->
</testng-results>
